

> @acedergren/chatbot-demo@0.1.0 build /Users/acedergr/Projects/oci-genai-provider/examples/chatbot-demo
> NODE_OPTIONS='--no-deprecation' vite build

[36mvite v6.4.1 [32mbuilding SSR bundle for production...[36m[39m
[2K[1Gtransforming (1) [2msrc/routes/+layout.svelte[22m[2K[1Gtransforming (12) [2m../../node_modules/.pnpm/esm-env@1.2.2/node_modules/esm-env/index.js[22m[2K[1Gtransforming (27) [2m.svelte-kit/generated/root.svelte[22m[33m8:58:00 PM [vite-plugin-svelte] src/lib/components/chat/ChatList.svelte:8:6 `messagesEndRef` is updated, but is not declared with `$state(...)`. Changing its value will not correctly trigger updates
https://svelte.dev/e/non_reactive_update[39m
 6:   let { messages = [] }: { messages: UIMessage[] } = $props();
 7:   
 8:   let messagesEndRef: HTMLDivElement;
                                        ^
 9: 
10:   function scrollToBottom() {
[2K[1Gtransforming (81) [2m../../node_modules/.pnpm/@sveltejs+kit@2.50.1_@opentelemetry+api@1.9.0_@sveltejs+vite-plugin-[33m8:58:00 PM [vite-plugin-svelte] src/lib/components/chat/ChatMessage.svelte:8:17 This reference only captures the initial value of `message`. Did you mean to reference it inside a closure instead?
https://svelte.dev/e/state_referenced_locally[39m
 6:   let { message }: { message: UIMessage } = $props();
 7:   
 8:   const isUser = message.role === 'user';
                            ^
 9:   
10:   // Find reasoning and text parts
[2K[1Gtransforming (984) [2m../../node_modules/.pnpm/lucide-svelte@0.563.0_svelte@5.48.5/node_modules/lucide-svelte/dist[2K[1Gtransforming (1082) [2m../../node_modules/.pnpm/lucide-svelte@0.563.0_svelte@5.48.5/node_modules/lucide-svelte/dis[2K[1Gtransforming (1102) [2m../../node_modules/.pnpm/lucide-svelte@0.563.0_svelte@5.48.5/node_modules/lucide-svelte/dis[2K[1Gtransforming (2012) [2m../../node_modules/.pnpm/lucide-svelte@0.563.0_svelte@5.48.5/node_modules/lucide-svelte/dis[2K[1Gtransforming (2083) [2m../../node_modules/.pnpm/lucide-svelte@0.563.0_svelte@5.48.5/node_modules/lucide-svelte/dis[2K[1Gtransforming (3084) [2m../../node_modules/.pnpm/lucide-svelte@0.563.0_svelte@5.48.5/node_modules/lucide-svelte/dis[2K[1G[32m✓[39m 3794 modules transformed.
[2K[1G[31m✗[39m Build failed in 5.17s
[31merror during build:
[31m[vite:load-fallback] Could not load /Users/acedergr/Projects/oci-genai-provider/examples/chatbot-demo/src/lib/utils (imported by src/lib/components/chat/Chat.svelte): EISDIR: illegal operation on a directory, read[31m
    at async readFileHandle (node:internal/fs/promises:552:24)
    at async Object.handler (file:///Users/acedergr/Projects/oci-genai-provider/node_modules/.pnpm/vite@6.4.1_@types+node@25.1.0_jiti@2.6.1_lightningcss@1.30.2_tsx@4.21.0_yaml@2.8.2/node_modules/vite/dist/node/chunks/dep-D4NMHUTW.js:45872:27)
    at async PluginDriver.hookFirstAndGetPlugin (file:///Users/acedergr/Projects/oci-genai-provider/node_modules/.pnpm/rollup@4.57.0/node_modules/rollup/dist/es/shared/node-entry.js:22427:28)
    at async file:///Users/acedergr/Projects/oci-genai-provider/node_modules/.pnpm/rollup@4.57.0/node_modules/rollup/dist/es/shared/node-entry.js:21419:33
    at async Queue.work (file:///Users/acedergr/Projects/oci-genai-provider/node_modules/.pnpm/rollup@4.57.0/node_modules/rollup/dist/es/shared/node-entry.js:22655:32)[39m
[41m[30m ELIFECYCLE [39m[49m [31mCommand failed with exit code 1.[39m
