
> @acedergren/oci-genai-provider@0.1.0 build /Users/acedergr/Projects/oci-genai-provider/packages/oci-genai-provider
> tsup

CLI Building entry: {"index":"src/index.ts","config/index":"src/config/index.ts"}
CLI Using tsconfig: tsconfig.json
CLI tsup v8.5.1
CLI Using tsup config: /Users/acedergr/Projects/oci-genai-provider/packages/oci-genai-provider/tsup.config.ts
CLI Target: es2020
CLI Cleaning output folder
CJS Build start
ESM Build start
DTS Build start
ESM dist/config/index.mjs     9.11 KB
ESM dist/index.mjs            238.23 KB
ESM dist/config/index.mjs.map 27.61 KB
ESM dist/index.mjs.map        524.92 KB
ESM ⚡️ Build success in 723ms
CJS dist/config/index.js     10.46 KB
CJS dist/index.js            240.96 KB
CJS dist/config/index.js.map 27.70 KB
CJS dist/index.js.map        525.16 KB
CJS ⚡️ Build success in 724ms
DTS ⚡️ Build success in 2965ms
DTS dist/index.d.ts         29.07 KB
DTS dist/config/index.d.ts  3.55 KB
DTS dist/index.d.mts        29.07 KB
DTS dist/config/index.d.mts 3.55 KB
